feature_event_detail/build/intermediates/manifest_merge_blame_file/debug/processDebugManifest/manifest-merger-blame-debug-report.txt
1<?xml version="1.0" encoding="utf-8"?>
2<manifest xmlns:android="http://schemas.android.com/apk/res/android"
3    package="com.FinalProject.feature_event_detail" >
4
5    <uses-sdk android:minSdkVersion="24" />
6
7    <application>
7-->src/main/AndroidManifest.xml:4:5-15:19
8        <activity
8-->src/main/AndroidManifest.xml:5:9-14:20
9            android:name="com.FinalProject.feature_event_detail.presentation.EventDetailActivity"
9-->src/main/AndroidManifest.xml:6:13-61
10            android:exported="true"
10-->src/main/AndroidManifest.xml:8:13-36
11            android:theme="@style/Theme.FeatureEventDetail" >
11-->src/main/AndroidManifest.xml:7:13-60
12            <intent-filter>
12-->src/main/AndroidManifest.xml:9:13-13:29
13                <action android:name="com.FinalProject.EVENT_DETAIL" />
13-->src/main/AndroidManifest.xml:10:17-72
13-->src/main/AndroidManifest.xml:10:25-69
14
15                <category android:name="android.intent.category.DEFAULT" />
15-->src/main/AndroidManifest.xml:12:17-76
15-->src/main/AndroidManifest.xml:12:27-73
16            </intent-filter>
17        </activity>
18    </application>
19
20</manifest>